# JRE version: OpenJDK Runtime Environment Temurin-17.0.7+7 (17.0.7+7) (build 17.0.7+7)
# Java VM: OpenJDK 64-Bit Server VM Temurin-17.0.7+7 (17.0.7+7, mixed mode, emulated-client, tiered, compressed oops, compressed class ptrs, g1 gc, windows-amd64)
GC Precious Log:
 CPUs: 12 total, 12 available
 Memory: 32695M
 Large Page Support: Disabled
 NUMA Support: Disabled
 Compressed Oops: Enabled (32-bit)
 Heap Region Size: 1M
 Heap Min Capacity: 8M
 Heap Initial Capacity: 512M
 Heap Max Capacity: 1G
 Pre-touch: Disabled
 Parallel Workers: 10
 Concurrent Workers: 3
 Concurrent Refinement Workers: 10
 Periodic GC: Disabled
Heap:
 garbage-first heap   total 122880K, used 36812K [0x00000000c0000000, 0x0000000100000000)
  region size 1024K, 1 young (1024K), 0 survivors (0K)
 Metaspace       used 69522K, committed 70272K, reserved 1114112K
  class space    used 9455K, committed 9792K, reserved 1048576K
GC Heap History (20 events):
Event: 30675.333 GC heap before
{Heap before GC invocations=3008 (full 2952):
 garbage-first heap   total 122880K, used 36812K [0x00000000c0000000, 0x0000000100000000)
  region size 1024K, 1 young (1024K), 0 survivors (0K)
 Metaspace       used 69522K, committed 70272K, reserved 1114112K
  class space    used 9455K, committed 9792K, reserved 1048576K
}
Event: 30675.368 GC heap after
{Heap after GC invocations=3009 (full 2953):
 garbage-first heap   total 122880K, used 36812K [0x00000000c0000000, 0x0000000100000000)
  region size 1024K, 0 young (0K), 0 survivors (0K)
 Metaspace       used 69522K, committed 70272K, reserved 1114112K
  class space    used 9455K, committed 9792K, reserved 1048576K
}
Event: 30685.684 GC heap before
{Heap before GC invocations=3009 (full 2953):
 garbage-first heap   total 122880K, used 36812K [0x00000000c0000000, 0x0000000100000000)
  region size 1024K, 1 young (1024K), 0 survivors (0K)
 Metaspace       used 69522K, committed 70272K, reserved 1114112K
  class space    used 9455K, committed 9792K, reserved 1048576K
}
Event: 30685.722 GC heap after
{Heap after GC invocations=3010 (full 2954):
 garbage-first heap   total 122880K, used 36812K [0x00000000c0000000, 0x0000000100000000)
  region size 1024K, 0 young (0K), 0 survivors (0K)
 Metaspace       used 69522K, committed 70272K, reserved 1114112K
  class space    used 9455K, committed 9792K, reserved 1048576K
}
Event: 30696.058 GC heap before
{Heap before GC invocations=3010 (full 2954):
 garbage-first heap   total 122880K, used 36812K [0x00000000c0000000, 0x0000000100000000)
  region size 1024K, 1 young (1024K), 0 survivors (0K)
 Metaspace       used 69522K, committed 70272K, reserved 1114112K
  class space    used 9455K, committed 9792K, reserved 1048576K
}
Event: 30696.097 GC heap after
{Heap after GC invocations=3011 (full 2955):
 garbage-first heap   total 122880K, used 36812K [0x00000000c0000000, 0x0000000100000000)
  region size 1024K, 0 young (0K), 0 survivors (0K)
 Metaspace       used 69522K, committed 70272K, reserved 1114112K
  class space    used 9455K, committed 9792K, reserved 1048576K
}
Event: 30706.409 GC heap before
{Heap before GC invocations=3011 (full 2955):
 garbage-first heap   total 122880K, used 36812K [0x00000000c0000000, 0x0000000100000000)
  region size 1024K, 1 young (1024K), 0 survivors (0K)
 Metaspace       used 69522K, committed 70272K, reserved 1114112K
  class space    used 9455K, committed 9792K, reserved 1048576K
}
Event: 30706.446 GC heap after
{Heap after GC invocations=3012 (full 2956):
 garbage-first heap   total 122880K, used 36812K [0x00000000c0000000, 0x0000000100000000)
  region size 1024K, 0 young (0K), 0 survivors (0K)
 Metaspace       used 69522K, committed 70272K, reserved 1114112K
  class space    used 9455K, committed 9792K, reserved 1048576K
}
Event: 30716.785 GC heap before
{Heap before GC invocations=3012 (full 2956):
 garbage-first heap   total 122880K, used 36812K [0x00000000c0000000, 0x0000000100000000)
  region size 1024K, 1 young (1024K), 0 survivors (0K)
 Metaspace       used 69522K, committed 70272K, reserved 1114112K
  class space    used 9455K, committed 9792K, reserved 1048576K
}
Event: 30716.821 GC heap after
{Heap after GC invocations=3013 (full 2957):
 garbage-first heap   total 122880K, used 36812K [0x00000000c0000000, 0x0000000100000000)
  region size 1024K, 0 young (0K), 0 survivors (0K)
 Metaspace       used 69522K, committed 70272K, reserved 1114112K
  class space    used 9455K, committed 9792K, reserved 1048576K
}
Event: 30727.142 GC heap before
{Heap before GC invocations=3013 (full 2957):
 garbage-first heap   total 122880K, used 36812K [0x00000000c0000000, 0x0000000100000000)
  region size 1024K, 1 young (1024K), 0 survivors (0K)
 Metaspace       used 69522K, committed 70272K, reserved 1114112K
  class space    used 9455K, committed 9792K, reserved 1048576K
}
Event: 30727.180 GC heap after
{Heap after GC invocations=3014 (full 2958):
 garbage-first heap   total 122880K, used 36812K [0x00000000c0000000, 0x0000000100000000)
  region size 1024K, 0 young (0K), 0 survivors (0K)
 Metaspace       used 69522K, committed 70272K, reserved 1114112K
  class space    used 9455K, committed 9792K, reserved 1048576K
}
Event: 30737.490 GC heap before
{Heap before GC invocations=3014 (full 2958):
 garbage-first heap   total 122880K, used 36812K [0x00000000c0000000, 0x0000000100000000)
  region size 1024K, 1 young (1024K), 0 survivors (0K)
 Metaspace       used 69522K, committed 70272K, reserved 1114112K
  class space    used 9455K, committed 9792K, reserved 1048576K
}
Event: 30737.527 GC heap after
{Heap after GC invocations=3015 (full 2959):
 garbage-first heap   total 122880K, used 36812K [0x00000000c0000000, 0x0000000100000000)
  region size 1024K, 0 young (0K), 0 survivors (0K)
 Metaspace       used 69522K, committed 70272K, reserved 1114112K
  class space    used 9455K, committed 9792K, reserved 1048576K
}
Event: 30747.830 GC heap before
{Heap before GC invocations=3015 (full 2959):
 garbage-first heap   total 122880K, used 36812K [0x00000000c0000000, 0x0000000100000000)
  region size 1024K, 1 young (1024K), 0 survivors (0K)
 Metaspace       used 69522K, committed 70272K, reserved 1114112K
  class space    used 9455K, committed 9792K, reserved 1048576K
}
Event: 30747.862 GC heap after
{Heap after GC invocations=3016 (full 2960):
 garbage-first heap   total 122880K, used 36812K [0x00000000c0000000, 0x0000000100000000)
  region size 1024K, 0 young (0K), 0 survivors (0K)
 Metaspace       used 69522K, committed 70272K, reserved 1114112K
  class space    used 9455K, committed 9792K, reserved 1048576K
}
Event: 30758.202 GC heap before
{Heap before GC invocations=3016 (full 2960):
 garbage-first heap   total 122880K, used 36812K [0x00000000c0000000, 0x0000000100000000)
  region size 1024K, 1 young (1024K), 0 survivors (0K)
 Metaspace       used 69522K, committed 70272K, reserved 1114112K
  class space    used 9455K, committed 9792K, reserved 1048576K
}
Event: 30758.238 GC heap after
{Heap after GC invocations=3017 (full 2961):
 garbage-first heap   total 122880K, used 36812K [0x00000000c0000000, 0x0000000100000000)
  region size 1024K, 0 young (0K), 0 survivors (0K)
 Metaspace       used 69522K, committed 70272K, reserved 1114112K
  class space    used 9455K, committed 9792K, reserved 1048576K
}
Event: 30768.556 GC heap before
{Heap before GC invocations=3017 (full 2961):
 garbage-first heap   total 122880K, used 36812K [0x00000000c0000000, 0x0000000100000000)
  region size 1024K, 1 young (1024K), 0 survivors (0K)
 Metaspace       used 69522K, committed 70272K, reserved 1114112K
  class space    used 9455K, committed 9792K, reserved 1048576K
}
Event: 30768.590 GC heap after
{Heap after GC invocations=3018 (full 2962):
 garbage-first heap   total 122880K, used 36812K [0x00000000c0000000, 0x0000000100000000)
  region size 1024K, 0 young (0K), 0 survivors (0K)
 Metaspace       used 69522K, committed 70272K, reserved 1114112K
  class space    used 9455K, committed 9792K, reserved 1048576K
}

